SCIP version 8.0.4 [precision: 8 byte] [memory: block] [mode: optimized] [LP solver: Soplex 6.0.4] [GitHash: a8e51afd1e]
Copyright (c) 2002-2023 Zuse Institute Berlin (ZIB)

External libraries: 
  Soplex 6.0.4         Linear Programming Solver developed at Zuse Institute Berlin (soplex.zib.de) [GitHash: 950b1658]
  CppAD 20180000.0     Algorithmic Differentiation of C++ algorithms developed by B. Bell (github.com/coin-or/CppAD)
  MPIR 3.0.0           Multiple Precision Integers and Rationals Library developed by W. Hart (mpir.org)
  ZIMPL 3.5.3          Zuse Institute Mathematical Programming Language developed by T. Koch (zimpl.zib.de)
  AMPL/MP 4e2d45c4     AMPL .nl file reader library (github.com/ampl/mp)
  PaPILO 2.1.3         parallel presolve for integer and linear optimization (github.com/scipopt/papilo) [GitHash: cec22d9]
  bliss 0.77           Computing Graph Automorphism Groups by T. Junttila and P. Kaski (www.tcs.hut.fi/Software/bliss/)
  Ipopt 3.12.9         Interior Point Optimizer developed by A. Waechter et.al. (github.com/coin-or/Ipopt)

user parameter file <scip.set> not found - using default parameters

read problem <puzzle16_model_2p_40t.lp>
============

original problem has 1280 variables (1280 bin, 0 int, 0 impl, 0 cont) and 175712 constraints

solve problem
=============

presolving:
(round 1, fast)       268 del vars, 51104 del conss, 0 add conss, 160 chg bounds, 0 chg sides, 0 chg coeffs, 0 upgd conss, 0 impls, 117316 clqs
   (1.0s) running MILP presolver
   (1.0s) MILP presolver (2 rounds): 0 aggregations, 0 fixings, 0 bound changes
(round 2, exhaustive) 268 del vars, 58396 del conss, 0 add conss, 160 chg bounds, 0 chg sides, 0 chg coeffs, 0 upgd conss, 0 impls, 117316 clqs
(round 3, exhaustive) 268 del vars, 58398 del conss, 0 add conss, 160 chg bounds, 2 chg sides, 0 chg coeffs, 117314 upgd conss, 0 impls, 117316 clqs
   (1.0s) probing: 51/1012 (5.0%) - 0 fixings, 0 aggregations, 0 implications, 0 bound changes
   (1.0s) probing aborted: 50/50 successive totally useless probings
   (2.0s) symmetry computation started: requiring (bin +, int -, cont +), (fixed: bin -, int +, cont -)
   (2.0s) no symmetry present
presolving (4 rounds: 4 fast, 3 medium, 3 exhaustive):
 268 deleted vars, 58399 deleted constraints, 0 added constraints, 160 tightened bounds, 0 added holes, 2 changed sides, 0 changed coefficients
 0 implications, 117316 cliques
presolved problem has 1012 variables (1012 bin, 0 int, 0 impl, 0 cont) and 117313 constraints
 117313 constraints of type <setppc>
transformed objective value is always integral (scale: 1)
Presolving Time: 1.00

 time | node  | left  |LP iter|LP it/n|mem/heur|mdpt |vars |cons |rows |cuts |sepa|confs|strbr|  dualbound   | primalbound  |  gap   | compl. 
t 2.0s|     1 |     0 |     0 |     - | trivial|   0 |1012 | 117k|   0 |   0 |  0 |   0 |   0 | 2.593540e+05 | 0.000000e+00 |    Inf | unknown
p 2.0s|     1 |     0 |     0 |     - |  clique|   0 |1012 | 117k| 117k|   0 |  0 |   0 |   0 | 2.593540e+05 | 3.148000e+03 |8138.69%| unknown
p 2.0s|     1 |     0 |     0 |     - | vbounds|   0 |1012 | 117k| 117k|   0 |  0 |   0 |   0 | 2.593540e+05 | 4.630000e+03 |5501.60%| unknown
  2.0s|     1 |     0 |  1012 |     - |   523M |   0 |1012 | 117k| 117k|   0 |  0 |   0 |   0 | 3.179600e+04 | 4.630000e+03 | 586.74%| unknown
  6.0s|     1 |     0 |  2200 |     - |   538M |   0 |1012 | 117k| 117k|   2 |  1 |   0 |   0 | 2.882200e+04 | 4.630000e+03 | 522.51%| unknown
 10.0s|     1 |     0 |  2973 |     - |   551M |   0 |1012 | 117k| 117k|   4 |  2 |   0 |   0 | 2.677000e+04 | 4.630000e+03 | 478.19%| unknown
 14.0s|     1 |     0 |  4063 |     - |   563M |   0 |1012 | 117k| 117k|   6 |  3 |   0 |   0 | 2.365400e+04 | 4.630000e+03 | 410.89%| unknown
 18.0s|     1 |     0 |  4809 |     - |   576M |   0 |1012 | 117k| 117k|   8 |  4 |   0 |   0 | 2.125900e+04 | 4.630000e+03 | 359.16%| unknown
 21.0s|     1 |     0 |  5973 |     - |   588M |   0 |1012 | 117k| 117k|  10 |  5 |   0 |   0 | 1.566900e+04 | 4.630000e+03 | 238.42%| unknown
 25.0s|     1 |     0 |  6893 |     - |   600M |   0 |1012 | 117k| 117k|  12 |  6 |   0 |   0 | 1.169100e+04 | 4.630000e+03 | 152.51%| unknown
 29.0s|     1 |     0 |  7443 |     - |   613M |   0 |1012 | 117k| 117k|  23 |  7 |   0 |   0 | 1.073300e+04 | 4.630000e+03 | 131.81%| unknown
 32.0s|     1 |     0 |  8057 |     - |   626M |   0 |1012 | 117k| 117k|  28 |  8 |   0 |   0 | 7.532000e+03 | 4.630000e+03 |  62.68%| unknown
 33.0s|     1 |     0 |  8256 |     - |   638M |   0 |1012 | 117k| 117k|  30 |  9 |   0 |   0 | 7.338500e+03 | 4.630000e+03 |  58.50%| unknown
 34.0s|     1 |     0 |  8359 |     - |   650M |   0 |1012 | 117k| 117k|  33 | 10 |   0 |   0 | 7.238000e+03 | 4.630000e+03 |  56.33%| unknown
 34.0s|     1 |     0 |  8453 |     - |   663M |   0 |1012 | 117k| 117k|  35 | 11 |   0 |   0 | 7.183000e+03 | 4.630000e+03 |  55.14%| unknown
 time | node  | left  |LP iter|LP it/n|mem/heur|mdpt |vars |cons |rows |cuts |sepa|confs|strbr|  dualbound   | primalbound  |  gap   | compl. 
 34.0s|     1 |     0 |  8503 |     - |   675M |   0 |1012 | 117k| 117k|  39 | 12 |   0 |   0 | 7.116000e+03 | 4.630000e+03 |  53.69%| unknown
 34.0s|     1 |     0 |  8646 |     - |   687M |   0 |1012 | 117k| 117k|  43 | 13 |   0 |   0 | 7.046208e+03 | 4.630000e+03 |  52.19%| unknown
 34.0s|     1 |     0 |  8854 |     - |   699M |   0 |1012 | 117k| 117k|  47 | 14 |   0 |   0 | 6.943000e+03 | 4.630000e+03 |  49.96%| unknown
 34.0s|     1 |     0 |  8974 |     - |   712M |   0 |1012 | 117k| 117k|  52 | 15 |   0 |   0 | 6.895851e+03 | 4.630000e+03 |  48.94%| unknown
 34.0s|     1 |     0 |  9051 |     - |   724M |   0 |1012 | 117k| 117k|  53 | 16 |   0 |   0 | 6.880901e+03 | 4.630000e+03 |  48.62%| unknown
 34.0s|     1 |     0 |  9166 |     - |   736M |   0 |1012 | 117k| 117k|  56 | 17 |   0 |   0 | 6.805971e+03 | 4.630000e+03 |  47.00%| unknown
 34.0s|     1 |     0 |  9271 |     - |   747M |   0 |1012 | 117k| 117k|  58 | 18 |   0 |   0 | 6.771375e+03 | 4.630000e+03 |  46.25%| unknown
 34.0s|     1 |     0 |  9315 |     - |   747M |   0 |1012 | 117k| 117k|  59 | 19 |   0 |   0 | 6.762000e+03 | 4.630000e+03 |  46.05%| unknown
 34.0s|     1 |     0 |  9403 |     - |   760M |   0 |1012 | 117k| 117k|  64 | 20 |   0 |   0 | 6.739586e+03 | 4.630000e+03 |  45.56%| unknown
 35.0s|     1 |     0 |  9524 |     - |   761M |   0 |1012 | 117k| 117k|  68 | 21 |   0 |   0 | 6.691468e+03 | 4.630000e+03 |  44.52%| unknown
 35.0s|     1 |     0 |  9572 |     - |   762M |   0 |1012 | 117k| 117k|  69 | 22 |   0 |   0 | 6.677783e+03 | 4.630000e+03 |  44.23%| unknown
 35.0s|     1 |     0 |  9634 |     - |   763M |   0 |1012 | 117k| 117k|  71 | 23 |   0 |   0 | 6.663438e+03 | 4.630000e+03 |  43.92%| unknown
 35.0s|     1 |     0 |  9711 |     - |   763M |   0 |1012 | 117k| 117k|  73 | 24 |   0 |   0 | 6.640875e+03 | 4.630000e+03 |  43.43%| unknown
 35.0s|     1 |     0 |  9834 |     - |   763M |   0 |1012 | 117k| 117k|  76 | 25 |   0 |   0 | 6.595282e+03 | 4.630000e+03 |  42.45%| unknown
 35.0s|     1 |     0 |  9932 |     - |   764M |   0 |1012 | 117k| 117k|  79 | 26 |   0 |   0 | 6.576535e+03 | 4.630000e+03 |  42.04%| unknown
 time | node  | left  |LP iter|LP it/n|mem/heur|mdpt |vars |cons |rows |cuts |sepa|confs|strbr|  dualbound   | primalbound  |  gap   | compl. 
 35.0s|     1 |     0 |  9994 |     - |   766M |   0 |1012 | 117k| 117k|  81 | 27 |   0 |   0 | 6.564452e+03 | 4.630000e+03 |  41.78%| unknown
 35.0s|     1 |     0 | 10053 |     - |   767M |   0 |1012 | 117k| 117k|  84 | 28 |   0 |   0 | 6.556416e+03 | 4.630000e+03 |  41.61%| unknown
 35.0s|     1 |     0 | 10099 |     - |   768M |   0 |1012 | 117k| 117k|  86 | 29 |   0 |   0 | 6.546705e+03 | 4.630000e+03 |  41.40%| unknown
 35.0s|     1 |     0 | 10178 |     - |   768M |   0 |1012 | 117k| 117k|  89 | 30 |   0 |   0 | 6.535533e+03 | 4.630000e+03 |  41.16%| unknown
 35.0s|     1 |     0 | 10252 |     - |   769M |   0 |1012 | 117k| 117k|  91 | 31 |   0 |   0 | 6.525592e+03 | 4.630000e+03 |  40.94%| unknown
 35.0s|     1 |     0 | 10314 |     - |   770M |   0 |1012 | 117k| 117k|  92 | 32 |   0 |   0 | 6.513979e+03 | 4.630000e+03 |  40.69%| unknown
 35.0s|     1 |     0 | 10366 |     - |   771M |   0 |1012 | 117k| 117k|  93 | 33 |   0 |   0 | 6.506888e+03 | 4.630000e+03 |  40.54%| unknown
 35.0s|     1 |     0 | 10482 |     - |   772M |   0 |1012 | 117k| 117k|  95 | 34 |   0 |   0 | 6.485818e+03 | 4.630000e+03 |  40.08%| unknown
 36.0s|     1 |     0 | 10589 |     - |   773M |   0 |1012 | 117k| 117k|  99 | 35 |   0 |   0 | 6.463597e+03 | 4.630000e+03 |  39.60%| unknown
 36.0s|     1 |     0 | 10688 |     - |   773M |   0 |1012 | 117k| 117k| 102 | 36 |   0 |   0 | 6.447277e+03 | 4.630000e+03 |  39.25%| unknown
 36.0s|     1 |     0 | 10745 |     - |   774M |   0 |1012 | 117k| 117k| 103 | 37 |   0 |   0 | 6.440022e+03 | 4.630000e+03 |  39.09%| unknown
 36.0s|     1 |     0 | 10839 |     - |   775M |   0 |1012 | 117k| 117k| 106 | 38 |   0 |   0 | 6.412537e+03 | 4.630000e+03 |  38.50%| unknown
 36.0s|     1 |     0 | 10911 |     - |   776M |   0 |1012 | 117k| 117k| 107 | 39 |   0 |   0 | 6.395801e+03 | 4.630000e+03 |  38.14%| unknown
 36.0s|     1 |     0 | 11048 |     - |   777M |   0 |1012 | 117k| 117k| 110 | 40 |   0 |   0 | 6.364635e+03 | 4.630000e+03 |  37.47%| unknown
 36.0s|     1 |     0 | 11098 |     - |   778M |   0 |1012 | 117k| 117k| 111 | 41 |   0 |   0 | 6.355757e+03 | 4.630000e+03 |  37.27%| unknown
 time | node  | left  |LP iter|LP it/n|mem/heur|mdpt |vars |cons |rows |cuts |sepa|confs|strbr|  dualbound   | primalbound  |  gap   | compl. 
 36.0s|     1 |     0 | 11174 |     - |   779M |   0 |1012 | 117k| 117k| 112 | 42 |   0 |   0 | 6.344813e+03 | 4.630000e+03 |  37.04%| unknown
 36.0s|     1 |     0 | 11256 |     - |   780M |   0 |1012 | 117k| 117k| 114 | 43 |   0 |   0 | 6.337547e+03 | 4.630000e+03 |  36.88%| unknown
 36.0s|     1 |     0 | 11327 |     - |   781M |   0 |1012 | 117k| 117k| 115 | 44 |   0 |   0 | 6.333359e+03 | 4.630000e+03 |  36.79%| unknown
 36.0s|     1 |     0 | 11400 |     - |   782M |   0 |1012 | 117k| 117k| 116 | 45 |   0 |   0 | 6.324725e+03 | 4.630000e+03 |  36.60%| unknown
 36.0s|     1 |     0 | 11515 |     - |   783M |   0 |1012 | 117k| 117k| 118 | 46 |   0 |   0 | 6.316477e+03 | 4.630000e+03 |  36.42%| unknown
 37.0s|     1 |     0 | 11678 |     - |   783M |   0 |1012 | 117k| 117k| 122 | 47 |   0 |   0 | 6.300547e+03 | 4.630000e+03 |  36.08%| unknown
 37.0s|     1 |     0 | 11827 |     - |   784M |   0 |1012 | 117k| 117k| 126 | 48 |   0 |   0 | 6.280994e+03 | 4.630000e+03 |  35.66%| unknown
 37.0s|     1 |     0 | 11911 |     - |   785M |   0 |1012 | 117k| 117k| 128 | 49 |   0 |   0 | 6.275683e+03 | 4.630000e+03 |  35.54%| unknown
 37.0s|     1 |     0 | 12043 |     - |   785M |   0 |1012 | 117k| 117k| 131 | 50 |   0 |   0 | 6.265576e+03 | 4.630000e+03 |  35.33%| unknown
 37.0s|     1 |     0 | 12237 |     - |   786M |   0 |1012 | 117k| 117k| 134 | 51 |   0 |   0 | 6.254074e+03 | 4.630000e+03 |  35.08%| unknown
 37.0s|     1 |     0 | 12359 |     - |   787M |   0 |1012 | 117k| 117k| 135 | 52 |   0 |   0 | 6.248413e+03 | 4.630000e+03 |  34.95%| unknown
 37.0s|     1 |     0 | 12378 |     - |   788M |   0 |1012 | 117k| 117k| 136 | 53 |   0 |   0 | 6.248042e+03 | 4.630000e+03 |  34.95%| unknown
 37.0s|     1 |     0 | 12483 |     - |   788M |   0 |1012 | 117k| 117k| 139 | 54 |   0 |   0 | 6.242841e+03 | 4.630000e+03 |  34.83%| unknown
 37.0s|     1 |     0 | 12578 |     - |   789M |   0 |1012 | 117k| 117k| 141 | 55 |   0 |   0 | 6.237148e+03 | 4.630000e+03 |  34.71%| unknown
 37.0s|     1 |     0 | 12697 |     - |   790M |   0 |1012 | 117k| 117k| 142 | 56 |   0 |   0 | 6.230496e+03 | 4.630000e+03 |  34.57%| unknown
 time | node  | left  |LP iter|LP it/n|mem/heur|mdpt |vars |cons |rows |cuts |sepa|confs|strbr|  dualbound   | primalbound  |  gap   | compl. 
 38.0s|     1 |     0 | 12757 |     - |   791M |   0 |1012 | 117k| 117k| 144 | 57 |   0 |   0 | 6.226956e+03 | 4.630000e+03 |  34.49%| unknown
 38.0s|     1 |     0 | 12849 |     - |   792M |   0 |1012 | 117k| 117k| 146 | 58 |   0 |   0 | 6.222511e+03 | 4.630000e+03 |  34.40%| unknown
 38.0s|     1 |     0 | 12912 |     - |   794M |   0 |1012 | 117k| 117k| 148 | 59 |   0 |   0 | 6.220604e+03 | 4.630000e+03 |  34.35%| unknown
 38.0s|     1 |     0 | 12983 |     - |   794M |   0 |1012 | 117k| 117k| 149 | 60 |   0 |   0 | 6.217308e+03 | 4.630000e+03 |  34.28%| unknown
 38.0s|     1 |     0 | 13082 |     - |   794M |   0 |1012 | 117k| 117k| 151 | 61 |   0 |   0 | 6.213429e+03 | 4.630000e+03 |  34.20%| unknown
 38.0s|     1 |     0 | 13149 |     - |   795M |   0 |1012 | 117k| 117k| 154 | 62 |   0 |   0 | 6.211402e+03 | 4.630000e+03 |  34.16%| unknown
 38.0s|     1 |     0 | 13267 |     - |   796M |   0 |1012 | 117k| 117k| 158 | 63 |   0 |   0 | 6.207438e+03 | 4.630000e+03 |  34.07%| unknown
 38.0s|     1 |     0 | 13441 |     - |   797M |   0 |1012 | 117k| 117k| 162 | 64 |   0 |   0 | 6.198412e+03 | 4.630000e+03 |  33.87%| unknown
 38.0s|     1 |     0 | 13570 |     - |   798M |   0 |1012 | 117k| 117k| 164 | 65 |   0 |   0 | 6.194233e+03 | 4.630000e+03 |  33.78%| unknown
 38.0s|     1 |     0 | 13657 |     - |   798M |   0 |1012 | 117k| 117k| 166 | 66 |   0 |   0 | 6.191488e+03 | 4.630000e+03 |  33.73%| unknown
 39.0s|     1 |     0 | 13837 |     - |   799M |   0 |1012 | 117k| 117k| 170 | 67 |   0 |   0 | 6.185021e+03 | 4.630000e+03 |  33.59%| unknown
 39.0s|     1 |     0 | 13960 |     - |   800M |   0 |1012 | 117k| 117k| 173 | 68 |   0 |   0 | 6.178886e+03 | 4.630000e+03 |  33.45%| unknown
 39.0s|     1 |     0 | 14025 |     - |   801M |   0 |1012 | 117k| 117k| 174 | 69 |   0 |   0 | 6.176781e+03 | 4.630000e+03 |  33.41%| unknown
 39.0s|     1 |     0 | 14122 |     - |   802M |   0 |1012 | 117k| 117k| 176 | 70 |   0 |   0 | 6.174412e+03 | 4.630000e+03 |  33.36%| unknown
 39.0s|     1 |     0 | 14189 |     - |   803M |   0 |1012 | 117k| 117k| 178 | 71 |   0 |   0 | 6.172418e+03 | 4.630000e+03 |  33.31%| unknown
 time | node  | left  |LP iter|LP it/n|mem/heur|mdpt |vars |cons |rows |cuts |sepa|confs|strbr|  dualbound   | primalbound  |  gap   | compl. 
 39.0s|     1 |     0 | 14345 |     - |   803M |   0 |1012 | 117k| 117k| 181 | 72 |   0 |   0 | 6.166169e+03 | 4.630000e+03 |  33.18%| unknown
 39.0s|     1 |     0 | 14460 |     - |   804M |   0 |1012 | 117k| 117k| 183 | 73 |   0 |   0 | 6.162859e+03 | 4.630000e+03 |  33.11%| unknown
 39.0s|     1 |     0 | 14521 |     - |   805M |   0 |1012 | 117k| 117k| 184 | 74 |   0 |   0 | 6.161711e+03 | 4.630000e+03 |  33.08%| unknown
 39.0s|     1 |     0 | 14676 |     - |   805M |   0 |1012 | 117k| 117k| 186 | 75 |   0 |   0 | 6.154159e+03 | 4.630000e+03 |  32.92%| unknown
 39.0s|     1 |     0 | 14829 |     - |   806M |   0 |1012 | 117k| 117k| 188 | 76 |   0 |   0 | 6.148148e+03 | 4.630000e+03 |  32.79%| unknown
 40.0s|     1 |     0 | 14944 |     - |   808M |   0 |1012 | 117k| 117k| 191 | 77 |   0 |   0 | 6.144052e+03 | 4.630000e+03 |  32.70%| unknown
 40.0s|     1 |     0 | 15068 |     - |   808M |   0 |1012 | 117k| 117k| 192 | 78 |   0 |   0 | 6.141339e+03 | 4.630000e+03 |  32.64%| unknown
 40.0s|     1 |     0 | 15145 |     - |   808M |   0 |1012 | 117k| 117k| 194 | 79 |   0 |   0 | 6.138723e+03 | 4.630000e+03 |  32.59%| unknown
 40.0s|     1 |     0 | 15240 |     - |   809M |   0 |1012 | 117k| 117k| 195 | 80 |   0 |   0 | 6.136688e+03 | 4.630000e+03 |  32.54%| unknown
 40.0s|     1 |     0 | 15304 |     - |   810M |   0 |1012 | 117k| 117k| 197 | 81 |   0 |   0 | 6.134613e+03 | 4.630000e+03 |  32.50%| unknown
 40.0s|     1 |     0 | 15388 |     - |   811M |   0 |1012 | 117k| 117k| 200 | 82 |   0 |   0 | 6.131819e+03 | 4.630000e+03 |  32.44%| unknown
 40.0s|     1 |     0 | 15523 |     - |   812M |   0 |1012 | 117k| 117k| 202 | 83 |   0 |   0 | 6.126446e+03 | 4.630000e+03 |  32.32%| unknown
 40.0s|     1 |     0 | 15674 |     - |   812M |   0 |1012 | 117k| 117k| 205 | 84 |   0 |   0 | 6.122508e+03 | 4.630000e+03 |  32.24%| unknown
 41.0s|     1 |     0 | 15857 |     - |   813M |   0 |1012 | 117k| 117k| 208 | 85 |   0 |   0 | 6.115275e+03 | 4.630000e+03 |  32.08%| unknown
 41.0s|     1 |     0 | 15988 |     - |   814M |   0 |1012 | 117k| 117k| 211 | 86 |   0 |   0 | 6.112170e+03 | 4.630000e+03 |  32.01%| unknown
 time | node  | left  |LP iter|LP it/n|mem/heur|mdpt |vars |cons |rows |cuts |sepa|confs|strbr|  dualbound   | primalbound  |  gap   | compl. 
 41.0s|     1 |     0 | 16071 |     - |   815M |   0 |1012 | 117k| 117k| 213 | 87 |   0 |   0 | 6.110874e+03 | 4.630000e+03 |  31.98%| unknown
 41.0s|     1 |     0 | 16160 |     - |   816M |   0 |1012 | 117k| 117k| 215 | 88 |   0 |   0 | 6.109054e+03 | 4.630000e+03 |  31.95%| unknown
 41.0s|     1 |     0 | 16334 |     - |   817M |   0 |1012 | 117k| 117k| 220 | 89 |   0 |   0 | 6.104975e+03 | 4.630000e+03 |  31.86%| unknown
 41.0s|     1 |     0 | 16488 |     - |   817M |   0 |1012 | 117k| 117k| 223 | 90 |   0 |   0 | 6.100411e+03 | 4.630000e+03 |  31.76%| unknown
 41.0s|     1 |     0 | 16687 |     - |   818M |   0 |1012 | 117k| 117k| 229 | 91 |   0 |   0 | 6.096763e+03 | 4.630000e+03 |  31.68%| unknown
 41.0s|     1 |     0 | 16946 |     - |   819M |   0 |1012 | 117k| 117k| 233 | 92 |   0 |   0 | 6.089132e+03 | 4.630000e+03 |  31.51%| unknown
 42.0s|     1 |     0 | 17157 |     - |   820M |   0 |1012 | 117k| 117k| 237 | 93 |   0 |   0 | 6.080283e+03 | 4.630000e+03 |  31.32%| unknown
 42.0s|     1 |     0 | 17264 |     - |   821M |   0 |1012 | 117k| 117k| 240 | 94 |   0 |   0 | 6.077066e+03 | 4.630000e+03 |  31.25%| unknown
 42.0s|     1 |     0 | 17346 |     - |   822M |   0 |1012 | 117k| 117k| 242 | 95 |   0 |   0 | 6.073983e+03 | 4.630000e+03 |  31.19%| unknown
 42.0s|     1 |     0 | 17417 |     - |   822M |   0 |1012 | 117k| 117k| 244 | 96 |   0 |   0 | 6.072546e+03 | 4.630000e+03 |  31.16%| unknown
 42.0s|     1 |     0 | 17531 |     - |   822M |   0 |1012 | 117k| 117k| 246 | 97 |   0 |   0 | 6.069740e+03 | 4.630000e+03 |  31.10%| unknown
 42.0s|     1 |     0 | 17656 |     - |   823M |   0 |1012 | 117k| 117k| 248 | 98 |   0 |   0 | 6.067856e+03 | 4.630000e+03 |  31.06%| unknown
 42.0s|     1 |     0 | 17729 |     - |   824M |   0 |1012 | 117k| 117k| 250 | 99 |   0 |   0 | 6.067203e+03 | 4.630000e+03 |  31.04%| unknown
 42.0s|     1 |     0 | 17870 |     - |   824M |   0 |1012 | 117k| 117k| 252 |100 |   0 |   0 | 6.064840e+03 | 4.630000e+03 |  30.99%| unknown
 43.0s|     1 |     0 | 18038 |     - |   825M |   0 |1012 | 117k| 117k| 255 |101 |   0 |   0 | 6.062324e+03 | 4.630000e+03 |  30.94%| unknown
 time | node  | left  |LP iter|LP it/n|mem/heur|mdpt |vars |cons |rows |cuts |sepa|confs|strbr|  dualbound   | primalbound  |  gap   | compl. 
 43.0s|     1 |     0 | 18111 |     - |   825M |   0 |1012 | 117k| 117k| 256 |102 |   0 |   0 | 6.061705e+03 | 4.630000e+03 |  30.92%| unknown
 43.0s|     1 |     0 | 18203 |     - |   826M |   0 |1012 | 117k| 117k| 257 |103 |   0 |   0 | 6.061039e+03 | 4.630000e+03 |  30.91%| unknown
 43.0s|     1 |     0 | 18336 |     - |   826M |   0 |1012 | 117k| 117k| 258 |104 |   0 |   0 | 6.059613e+03 | 4.630000e+03 |  30.88%| unknown
 43.0s|     1 |     0 | 18523 |     - |   827M |   0 |1012 | 117k| 117k| 262 |105 |   0 |   0 | 6.055415e+03 | 4.630000e+03 |  30.79%| unknown
 43.0s|     1 |     0 | 18763 |     - |   828M |   0 |1012 | 117k| 117k| 270 |106 |   0 |   0 | 6.051315e+03 | 4.630000e+03 |  30.70%| unknown
 43.0s|     1 |     0 | 18909 |     - |   829M |   0 |1012 | 117k| 117k| 273 |107 |   0 |   0 | 6.048748e+03 | 4.630000e+03 |  30.64%| unknown
 43.0s|     1 |     0 | 19126 |     - |   829M |   0 |1012 | 117k| 117k| 277 |108 |   0 |   0 | 6.045904e+03 | 4.630000e+03 |  30.58%| unknown
 44.0s|     1 |     0 | 19317 |     - |   830M |   0 |1012 | 117k| 117k| 281 |109 |   0 |   0 | 6.043273e+03 | 4.630000e+03 |  30.52%| unknown
 44.0s|     1 |     0 | 19607 |     - |   831M |   0 |1012 | 117k| 117k| 287 |110 |   0 |   0 | 6.034869e+03 | 4.630000e+03 |  30.34%| unknown
 44.0s|     1 |     0 | 19811 |     - |   832M |   0 |1012 | 117k| 117k| 291 |111 |   0 |   0 | 6.031717e+03 | 4.630000e+03 |  30.27%| unknown
 44.0s|     1 |     0 | 19919 |     - |   833M |   0 |1012 | 117k| 117k| 295 |112 |   0 |   0 | 6.029686e+03 | 4.630000e+03 |  30.23%| unknown
 44.0s|     1 |     0 | 20026 |     - |   834M |   0 |1012 | 117k| 117k| 297 |113 |   0 |   0 | 6.028329e+03 | 4.630000e+03 |  30.20%| unknown
 44.0s|     1 |     0 | 20157 |     - |   834M |   0 |1012 | 117k| 117k| 299 |114 |   0 |   0 | 6.027371e+03 | 4.630000e+03 |  30.18%| unknown
 45.0s|     1 |     0 | 20347 |     - |   834M |   0 |1012 | 117k| 117k| 300 |115 |   0 |   0 | 6.023580e+03 | 4.630000e+03 |  30.10%| unknown
 45.0s|     1 |     0 | 20576 |     - |   835M |   0 |1012 | 117k| 117k| 305 |116 |   0 |   0 | 6.020725e+03 | 4.630000e+03 |  30.04%| unknown
 time | node  | left  |LP iter|LP it/n|mem/heur|mdpt |vars |cons |rows |cuts |sepa|confs|strbr|  dualbound   | primalbound  |  gap   | compl. 
 45.0s|     1 |     0 | 20719 |     - |   836M |   0 |1012 | 117k| 117k| 309 |117 |   0 |   0 | 6.019192e+03 | 4.630000e+03 |  30.00%| unknown
 45.0s|     1 |     0 | 20880 |     - |   837M |   0 |1012 | 117k| 117k| 314 |118 |   0 |   0 | 6.017532e+03 | 4.630000e+03 |  29.97%| unknown
 45.0s|     1 |     0 | 21081 |     - |   838M |   0 |1012 | 117k| 117k| 318 |119 |   0 |   0 | 6.013494e+03 | 4.630000e+03 |  29.88%| unknown
 45.0s|     1 |     0 | 21275 |     - |   838M |   0 |1012 | 117k| 117k| 323 |120 |   0 |   0 | 6.010280e+03 | 4.630000e+03 |  29.81%| unknown
 46.0s|     1 |     0 | 21451 |     - |   839M |   0 |1012 | 117k| 117k| 326 |121 |   0 |   0 | 6.008478e+03 | 4.630000e+03 |  29.77%| unknown
 46.0s|     1 |     0 | 21588 |     - |   840M |   0 |1012 | 117k| 117k| 329 |122 |   0 |   0 | 6.007111e+03 | 4.630000e+03 |  29.74%| unknown
 46.0s|     1 |     0 | 21874 |     - |   841M |   0 |1012 | 117k| 117k| 333 |123 |   0 |   0 | 6.003037e+03 | 4.630000e+03 |  29.66%| unknown
 46.0s|     1 |     0 | 21977 |     - |   842M |   0 |1012 | 117k| 117k| 334 |124 |   0 |   0 | 6.002545e+03 | 4.630000e+03 |  29.64%| unknown
 46.0s|     1 |     0 | 22122 |     - |   843M |   0 |1012 | 117k| 117k| 336 |125 |   0 |   0 | 6.000946e+03 | 4.630000e+03 |  29.61%| unknown
 46.0s|     1 |     0 | 22251 |     - |   843M |   0 |1012 | 117k| 117k| 340 |126 |   0 |   0 | 5.999047e+03 | 4.630000e+03 |  29.57%| unknown
 46.0s|     1 |     0 | 22329 |     - |   844M |   0 |1012 | 117k| 117k| 342 |127 |   0 |   0 | 5.998369e+03 | 4.630000e+03 |  29.55%| unknown
 47.0s|     1 |     0 | 22496 |     - |   844M |   0 |1012 | 117k| 117k| 347 |128 |   0 |   0 | 5.996686e+03 | 4.630000e+03 |  29.52%| unknown
 47.0s|     1 |     0 | 22643 |     - |   845M |   0 |1012 | 117k| 117k| 351 |129 |   0 |   0 | 5.995068e+03 | 4.630000e+03 |  29.48%| unknown
 47.0s|     1 |     0 | 22780 |     - |   845M |   0 |1012 | 117k| 117k| 355 |130 |   0 |   0 | 5.993613e+03 | 4.630000e+03 |  29.45%| unknown
 47.0s|     1 |     0 | 22902 |     - |   846M |   0 |1012 | 117k| 117k| 360 |131 |   0 |   0 | 5.992590e+03 | 4.630000e+03 |  29.43%| unknown
 time | node  | left  |LP iter|LP it/n|mem/heur|mdpt |vars |cons |rows |cuts |sepa|confs|strbr|  dualbound   | primalbound  |  gap   | compl. 
 47.0s|     1 |     0 | 23101 |     - |   846M |   0 |1012 | 117k| 117k| 364 |132 |   0 |   0 | 5.990618e+03 | 4.630000e+03 |  29.39%| unknown
 47.0s|     1 |     0 | 23273 |     - |   847M |   0 |1012 | 117k| 117k| 367 |133 |   0 |   0 | 5.988651e+03 | 4.630000e+03 |  29.34%| unknown
 47.0s|     1 |     0 | 23362 |     - |   847M |   0 |1012 | 117k| 117k| 369 |134 |   0 |   0 | 5.988209e+03 | 4.630000e+03 |  29.33%| unknown
 48.0s|     1 |     0 | 23463 |     - |   848M |   0 |1012 | 117k| 117k| 370 |135 |   0 |   0 | 5.987454e+03 | 4.630000e+03 |  29.32%| unknown
 48.0s|     1 |     0 | 23601 |     - |   849M |   0 |1012 | 117k| 117k| 373 |136 |   0 |   0 | 5.986112e+03 | 4.630000e+03 |  29.29%| unknown
 48.0s|     1 |     0 | 23794 |     - |   850M |   0 |1012 | 117k| 117k| 377 |137 |   0 |   0 | 5.984365e+03 | 4.630000e+03 |  29.25%| unknown
 48.0s|     1 |     0 | 23983 |     - |   850M |   0 |1012 | 117k| 117k| 380 |138 |   0 |   0 | 5.982444e+03 | 4.630000e+03 |  29.21%| unknown
 48.0s|     1 |     0 | 24179 |     - |   850M |   0 |1012 | 117k| 117k| 383 |139 |   0 |   0 | 5.980341e+03 | 4.630000e+03 |  29.17%| unknown
 48.0s|     1 |     0 | 24370 |     - |   850M |   0 |1012 | 117k| 117k| 387 |140 |   0 |   0 | 5.978123e+03 | 4.630000e+03 |  29.12%| unknown
 48.0s|     1 |     0 | 24516 |     - |   850M |   0 |1012 | 117k| 117k| 390 |141 |   0 |   0 | 5.975556e+03 | 4.630000e+03 |  29.06%| unknown
 49.0s|     1 |     0 | 24736 |     - |   851M |   0 |1012 | 117k| 117k| 393 |142 |   0 |   0 | 5.972121e+03 | 4.630000e+03 |  28.99%| unknown
 49.0s|     1 |     0 | 24871 |     - |   852M |   0 |1012 | 117k| 117k| 396 |143 |   0 |   0 | 5.970347e+03 | 4.630000e+03 |  28.95%| unknown
 49.0s|     1 |     0 | 25038 |     - |   852M |   0 |1012 | 117k| 117k| 399 |144 |   0 |   0 | 5.968518e+03 | 4.630000e+03 |  28.91%| unknown
 49.0s|     1 |     0 | 25159 |     - |   852M |   0 |1012 | 117k| 117k| 401 |145 |   0 |   0 | 5.967738e+03 | 4.630000e+03 |  28.89%| unknown
 49.0s|     1 |     0 | 25321 |     - |   853M |   0 |1012 | 117k| 117k| 407 |146 |   0 |   0 | 5.966105e+03 | 4.630000e+03 |  28.86%| unknown
 time | node  | left  |LP iter|LP it/n|mem/heur|mdpt |vars |cons |rows |cuts |sepa|confs|strbr|  dualbound   | primalbound  |  gap   | compl. 
 49.0s|     1 |     0 | 25431 |     - |   854M |   0 |1012 | 117k| 117k| 412 |147 |   0 |   0 | 5.964511e+03 | 4.630000e+03 |  28.82%| unknown
 49.0s|     1 |     0 | 25604 |     - |   855M |   0 |1012 | 117k| 117k| 416 |148 |   0 |   0 | 5.962902e+03 | 4.630000e+03 |  28.79%| unknown
 50.0s|     1 |     0 | 25759 |     - |   856M |   0 |1012 | 117k| 117k| 419 |149 |   0 |   0 | 5.961860e+03 | 4.630000e+03 |  28.77%| unknown
 50.0s|     1 |     0 | 25855 |     - |   856M |   0 |1012 | 117k| 117k| 422 |150 |   0 |   0 | 5.961015e+03 | 4.630000e+03 |  28.75%| unknown
 50.0s|     1 |     0 | 26196 |     - |   857M |   0 |1012 | 117k| 117k| 427 |151 |   0 |   0 | 5.957619e+03 | 4.630000e+03 |  28.67%| unknown
 50.0s|     1 |     0 | 26455 |     - |   858M |   0 |1012 | 117k| 117k| 431 |152 |   0 |   0 | 5.955192e+03 | 4.630000e+03 |  28.62%| unknown
 50.0s|     1 |     0 | 26629 |     - |   859M |   0 |1012 | 117k| 117k| 433 |153 |   0 |   0 | 5.953812e+03 | 4.630000e+03 |  28.59%| unknown
 50.0s|     1 |     0 | 26846 |     - |   860M |   0 |1012 | 117k| 117k| 437 |154 |   0 |   0 | 5.951683e+03 | 4.630000e+03 |  28.55%| unknown
 51.0s|     1 |     0 | 27028 |     - |   861M |   0 |1012 | 117k| 117k| 440 |155 |   0 |   0 | 5.949784e+03 | 4.630000e+03 |  28.51%| unknown
 51.0s|     1 |     0 | 27112 |     - |   861M |   0 |1012 | 117k| 117k| 441 |156 |   0 |   0 | 5.949391e+03 | 4.630000e+03 |  28.50%| unknown
 51.0s|     1 |     0 | 27269 |     - |   861M |   0 |1012 | 117k| 117k| 444 |157 |   0 |   0 | 5.948244e+03 | 4.630000e+03 |  28.47%| unknown
 51.0s|     1 |     0 | 27435 |     - |   862M |   0 |1012 | 117k| 117k| 446 |158 |   0 |   0 | 5.946994e+03 | 4.630000e+03 |  28.44%| unknown
 51.0s|     1 |     0 | 27501 |     - |   863M |   0 |1012 | 117k| 117k| 448 |159 |   0 |   0 | 5.946545e+03 | 4.630000e+03 |  28.44%| unknown
 51.0s|     1 |     0 | 27660 |     - |   864M |   0 |1012 | 117k| 117k| 449 |160 |   0 |   0 | 5.945706e+03 | 4.630000e+03 |  28.42%| unknown
 51.0s|     1 |     0 | 27883 |     - |   864M |   0 |1012 | 117k| 117k| 453 |161 |   0 |   0 | 5.943614e+03 | 4.630000e+03 |  28.37%| unknown
 time | node  | left  |LP iter|LP it/n|mem/heur|mdpt |vars |cons |rows |cuts |sepa|confs|strbr|  dualbound   | primalbound  |  gap   | compl. 
 52.0s|     1 |     0 | 28016 |     - |   864M |   0 |1012 | 117k| 117k| 458 |162 |   0 |   0 | 5.942763e+03 | 4.630000e+03 |  28.35%| unknown
 52.0s|     1 |     0 | 28162 |     - |   865M |   0 |1012 | 117k| 117k| 463 |163 |   0 |   0 | 5.941629e+03 | 4.630000e+03 |  28.33%| unknown
 52.0s|     1 |     0 | 28287 |     - |   865M |   0 |1012 | 117k| 117k| 468 |164 |   0 |   0 | 5.940750e+03 | 4.630000e+03 |  28.31%| unknown
 52.0s|     1 |     0 | 28480 |     - |   865M |   0 |1012 | 117k| 117k| 473 |165 |   0 |   0 | 5.938853e+03 | 4.630000e+03 |  28.27%| unknown
 52.0s|     1 |     0 | 28655 |     - |   866M |   0 |1012 | 117k| 117k| 477 |166 |   0 |   0 | 5.937789e+03 | 4.630000e+03 |  28.25%| unknown
 52.0s|     1 |     0 | 28835 |     - |   867M |   0 |1012 | 117k| 117k| 481 |167 |   0 |   0 | 5.936540e+03 | 4.630000e+03 |  28.22%| unknown
 52.0s|     1 |     0 | 28999 |     - |   867M |   0 |1012 | 117k| 117k| 484 |168 |   0 |   0 | 5.935863e+03 | 4.630000e+03 |  28.20%| unknown
 53.0s|     1 |     0 | 29083 |     - |   867M |   0 |1012 | 117k| 117k| 487 |169 |   0 |   0 | 5.935595e+03 | 4.630000e+03 |  28.20%| unknown
 53.0s|     1 |     0 | 29261 |     - |   868M |   0 |1012 | 117k| 117k| 491 |170 |   0 |   0 | 5.934888e+03 | 4.630000e+03 |  28.18%| unknown
 53.0s|     1 |     0 | 29392 |     - |   869M |   0 |1012 | 117k| 117k| 493 |171 |   0 |   0 | 5.934291e+03 | 4.630000e+03 |  28.17%| unknown
 53.0s|     1 |     0 | 29555 |     - |   869M |   0 |1012 | 117k| 117k| 496 |172 |   0 |   0 | 5.933490e+03 | 4.630000e+03 |  28.15%| unknown
 53.0s|     1 |     0 | 29846 |     - |   870M |   0 |1012 | 117k| 117k| 503 |173 |   0 |   0 | 5.930762e+03 | 4.630000e+03 |  28.09%| unknown
 53.0s|     1 |     0 | 30032 |     - |   870M |   0 |1012 | 117k| 117k| 506 |174 |   0 |   0 | 5.929638e+03 | 4.630000e+03 |  28.07%| unknown
 54.0s|     1 |     0 | 30144 |     - |   870M |   0 |1012 | 117k| 117k| 508 |175 |   0 |   0 | 5.929199e+03 | 4.630000e+03 |  28.06%| unknown
 54.0s|     1 |     0 | 30298 |     - |   870M |   0 |1012 | 117k| 117k| 510 |176 |   0 |   0 | 5.928574e+03 | 4.630000e+03 |  28.05%| unknown
 time | node  | left  |LP iter|LP it/n|mem/heur|mdpt |vars |cons |rows |cuts |sepa|confs|strbr|  dualbound   | primalbound  |  gap   | compl. 
 54.0s|     1 |     0 | 30443 |     - |   870M |   0 |1012 | 117k| 117k| 512 |177 |   0 |   0 | 5.927682e+03 | 4.630000e+03 |  28.03%| unknown
 54.0s|     1 |     0 | 30542 |     - |   871M |   0 |1012 | 117k| 117k| 514 |178 |   0 |   0 | 5.927388e+03 | 4.630000e+03 |  28.02%| unknown
 54.0s|     1 |     0 | 30646 |     - |   872M |   0 |1012 | 117k| 117k| 517 |179 |   0 |   0 | 5.926826e+03 | 4.630000e+03 |  28.01%| unknown
 54.0s|     1 |     0 | 30755 |     - |   872M |   0 |1012 | 117k| 117k| 520 |180 |   0 |   0 | 5.926403e+03 | 4.630000e+03 |  28.00%| unknown
 54.0s|     1 |     0 | 30870 |     - |   872M |   0 |1012 | 117k| 117k| 522 |181 |   0 |   0 | 5.926048e+03 | 4.630000e+03 |  27.99%| unknown
 55.0s|     1 |     0 | 30994 |     - |   872M |   0 |1012 | 117k| 117k| 524 |182 |   0 |   0 | 5.925613e+03 | 4.630000e+03 |  27.98%| unknown
 55.0s|     1 |     0 | 31123 |     - |   872M |   0 |1012 | 117k| 117k| 527 |183 |   0 |   0 | 5.925128e+03 | 4.630000e+03 |  27.97%| unknown
 55.0s|     1 |     0 | 31254 |     - |   872M |   0 |1012 | 117k| 117k| 532 |184 |   0 |   0 | 5.924564e+03 | 4.630000e+03 |  27.96%| unknown
 55.0s|     1 |     0 | 31395 |     - |   873M |   0 |1012 | 117k| 117k| 536 |185 |   0 |   0 | 5.923780e+03 | 4.630000e+03 |  27.94%| unknown
 55.0s|     1 |     0 | 31547 |     - |   873M |   0 |1012 | 117k| 117k| 540 |186 |   0 |   0 | 5.923014e+03 | 4.630000e+03 |  27.93%| unknown
 55.0s|     1 |     0 | 31700 |     - |   874M |   0 |1012 | 117k| 117k| 542 |187 |   0 |   0 | 5.922507e+03 | 4.630000e+03 |  27.92%| unknown
 55.0s|     1 |     0 | 31902 |     - |   875M |   0 |1012 | 117k| 117k| 546 |188 |   0 |   0 | 5.921224e+03 | 4.630000e+03 |  27.89%| unknown
 56.0s|     1 |     0 | 32048 |     - |   876M |   0 |1012 | 117k| 117k| 549 |189 |   0 |   0 | 5.920313e+03 | 4.630000e+03 |  27.87%| unknown
 56.0s|     1 |     0 | 32204 |     - |   877M |   0 |1012 | 117k| 117k| 553 |190 |   0 |   0 | 5.919419e+03 | 4.630000e+03 |  27.85%| unknown
 56.0s|     1 |     0 | 32367 |     - |   878M |   0 |1012 | 117k| 117k| 555 |191 |   0 |   0 | 5.918760e+03 | 4.630000e+03 |  27.83%| unknown
 time | node  | left  |LP iter|LP it/n|mem/heur|mdpt |vars |cons |rows |cuts |sepa|confs|strbr|  dualbound   | primalbound  |  gap   | compl. 
 56.0s|     1 |     0 | 32544 |     - |   878M |   0 |1012 | 117k| 117k| 558 |192 |   0 |   0 | 5.917903e+03 | 4.630000e+03 |  27.82%| unknown
 56.0s|     1 |     0 | 32687 |     - |   879M |   0 |1012 | 117k| 117k| 562 |193 |   0 |   0 | 5.917094e+03 | 4.630000e+03 |  27.80%| unknown
 56.0s|     1 |     0 | 32871 |     - |   879M |   0 |1012 | 117k| 117k| 568 |194 |   0 |   0 | 5.916182e+03 | 4.630000e+03 |  27.78%| unknown
 57.0s|     1 |     0 | 33073 |     - |   880M |   0 |1012 | 117k| 117k| 576 |195 |   0 |   0 | 5.914667e+03 | 4.630000e+03 |  27.75%| unknown
 57.0s|     1 |     0 | 33248 |     - |   881M |   0 |1012 | 117k| 117k| 581 |196 |   0 |   0 | 5.913948e+03 | 4.630000e+03 |  27.73%| unknown
 57.0s|     1 |     0 | 33352 |     - |   882M |   0 |1012 | 117k| 117k| 587 |197 |   0 |   0 | 5.912980e+03 | 4.630000e+03 |  27.71%| unknown
 57.0s|     1 |     0 | 33550 |     - |   882M |   0 |1012 | 117k| 117k| 591 |198 |   0 |   0 | 5.911904e+03 | 4.630000e+03 |  27.69%| unknown
 57.0s|     1 |     0 | 33765 |     - |   883M |   0 |1012 | 117k| 117k| 595 |199 |   0 |   0 | 5.910508e+03 | 4.630000e+03 |  27.66%| unknown
 57.0s|     1 |     0 | 33894 |     - |   883M |   0 |1012 | 117k| 117k| 596 |200 |   0 |   0 | 5.910153e+03 | 4.630000e+03 |  27.65%| unknown
 57.0s|     1 |     0 | 34023 |     - |   884M |   0 |1012 | 117k| 117k| 598 |201 |   0 |   0 | 5.909797e+03 | 4.630000e+03 |  27.64%| unknown
 58.0s|     1 |     0 | 34215 |     - |   885M |   0 |1012 | 117k| 117k| 601 |202 |   0 |   0 | 5.908947e+03 | 4.630000e+03 |  27.62%| unknown
 58.0s|     1 |     0 | 34376 |     - |   886M |   0 |1012 | 117k| 117k| 603 |203 |   0 |   0 | 5.907961e+03 | 4.630000e+03 |  27.60%| unknown
 58.0s|     1 |     0 | 34476 |     - |   886M |   0 |1012 | 117k| 117k| 606 |204 |   0 |   0 | 5.907501e+03 | 4.630000e+03 |  27.59%| unknown
 58.0s|     1 |     0 | 34660 |     - |   886M |   0 |1012 | 117k| 117k| 614 |205 |   0 |   0 | 5.906149e+03 | 4.630000e+03 |  27.56%| unknown
 58.0s|     1 |     0 | 34860 |     - |   887M |   0 |1012 | 117k| 117k| 620 |206 |   0 |   0 | 5.905081e+03 | 4.630000e+03 |  27.54%| unknown
 time | node  | left  |LP iter|LP it/n|mem/heur|mdpt |vars |cons |rows |cuts |sepa|confs|strbr|  dualbound   | primalbound  |  gap   | compl. 
 58.0s|     1 |     0 | 35035 |     - |   887M |   0 |1012 | 117k| 117k| 623 |207 |   0 |   0 | 5.904462e+03 | 4.630000e+03 |  27.53%| unknown
 58.0s|     1 |     0 | 35149 |     - |   888M |   0 |1012 | 117k| 117k| 625 |208 |   0 |   0 | 5.904063e+03 | 4.630000e+03 |  27.52%| unknown
 59.0s|     1 |     0 | 35285 |     - |   889M |   0 |1012 | 117k| 117k| 628 |209 |   0 |   0 | 5.903377e+03 | 4.630000e+03 |  27.50%| unknown
 59.0s|     1 |     0 | 35424 |     - |   889M |   0 |1012 | 117k| 117k| 633 |210 |   0 |   0 | 5.902979e+03 | 4.630000e+03 |  27.49%| unknown
 59.0s|     1 |     0 | 35555 |     - |   890M |   0 |1012 | 117k| 117k| 637 |211 |   0 |   0 | 5.902491e+03 | 4.630000e+03 |  27.48%| unknown
 59.0s|     1 |     0 | 35722 |     - |   890M |   0 |1012 | 117k| 117k| 642 |212 |   0 |   0 | 5.901824e+03 | 4.630000e+03 |  27.47%| unknown
 59.0s|     1 |     0 | 35950 |     - |   890M |   0 |1012 | 117k| 117k| 645 |213 |   0 |   0 | 5.900646e+03 | 4.630000e+03 |  27.44%| unknown
 59.0s|     1 |     0 | 36081 |     - |   891M |   0 |1012 | 117k| 117k| 648 |214 |   0 |   0 | 5.900012e+03 | 4.630000e+03 |  27.43%| unknown
 60.0s|     1 |     0 | 36273 |     - |   892M |   0 |1012 | 117k| 117k| 651 |215 |   0 |   0 | 5.899104e+03 | 4.630000e+03 |  27.41%| unknown
 60.0s|     1 |     0 | 36371 |     - |   892M |   0 |1012 | 117k| 117k| 653 |216 |   0 |   0 | 5.898649e+03 | 4.630000e+03 |  27.40%| unknown
 60.0s|     1 |     0 | 36626 |     - |   893M |   0 |1012 | 117k| 117k| 657 |217 |   0 |   0 | 5.897721e+03 | 4.630000e+03 |  27.38%| unknown
 60.0s|     1 |     0 | 36843 |     - |   894M |   0 |1012 | 117k| 117k| 664 |218 |   0 |   0 | 5.896877e+03 | 4.630000e+03 |  27.36%| unknown
 60.0s|     1 |     0 | 36967 |     - |   895M |   0 |1012 | 117k| 117k| 668 |219 |   0 |   0 | 5.896437e+03 | 4.630000e+03 |  27.35%| unknown
 60.0s|     1 |     0 | 37061 |     - |   896M |   0 |1012 | 117k| 117k| 671 |220 |   0 |   0 | 5.896196e+03 | 4.630000e+03 |  27.35%| unknown
 60.0s|     1 |     0 | 37238 |     - |   897M |   0 |1012 | 117k| 117k| 675 |221 |   0 |   0 | 5.895442e+03 | 4.630000e+03 |  27.33%| unknown
 time | node  | left  |LP iter|LP it/n|mem/heur|mdpt |vars |cons |rows |cuts |sepa|confs|strbr|  dualbound   | primalbound  |  gap   | compl. 
 61.0s|     1 |     0 | 37400 |     - |   897M |   0 |1012 | 117k| 117k| 678 |222 |   0 |   0 | 5.894770e+03 | 4.630000e+03 |  27.32%| unknown
 61.0s|     1 |     0 | 37565 |     - |   897M |   0 |1012 | 117k| 117k| 681 |223 |   0 |   0 | 5.894488e+03 | 4.630000e+03 |  27.31%| unknown
 61.0s|     1 |     0 | 37778 |     - |   898M |   0 |1012 | 117k| 117k| 686 |224 |   0 |   0 | 5.893991e+03 | 4.630000e+03 |  27.30%| unknown
 61.0s|     1 |     0 | 37837 |     - |   899M |   0 |1012 | 117k| 117k| 690 |225 |   0 |   0 | 5.893852e+03 | 4.630000e+03 |  27.30%| unknown
 61.0s|     1 |     0 | 38109 |     - |   900M |   0 |1012 | 117k| 117k| 695 |226 |   0 |   0 | 5.892867e+03 | 4.630000e+03 |  27.28%| unknown
 61.0s|     1 |     0 | 38344 |     - |   901M |   0 |1012 | 117k| 117k| 700 |227 |   0 |   0 | 5.891953e+03 | 4.630000e+03 |  27.26%| unknown
 62.0s|     1 |     0 | 38502 |     - |   901M |   0 |1012 | 117k| 117k| 704 |228 |   0 |   0 | 5.891266e+03 | 4.630000e+03 |  27.24%| unknown
 62.0s|     1 |     0 | 38713 |     - |   901M |   0 |1012 | 117k| 117k| 707 |229 |   0 |   0 | 5.890396e+03 | 4.630000e+03 |  27.22%| unknown
 62.0s|     1 |     0 | 38901 |     - |   902M |   0 |1012 | 117k| 117k| 711 |230 |   0 |   0 | 5.889646e+03 | 4.630000e+03 |  27.21%| unknown
 62.0s|     1 |     0 | 39131 |     - |   903M |   0 |1012 | 117k| 117k| 717 |231 |   0 |   0 | 5.888759e+03 | 4.630000e+03 |  27.19%| unknown
 62.0s|     1 |     0 | 39209 |     - |   904M |   0 |1012 | 117k| 117k| 720 |232 |   0 |   0 | 5.888634e+03 | 4.630000e+03 |  27.18%| unknown
 62.0s|     1 |     0 | 39417 |     - |   905M |   0 |1012 | 117k| 117k| 728 |233 |   0 |   0 | 5.888088e+03 | 4.630000e+03 |  27.17%| unknown
 63.0s|     1 |     0 | 39723 |     - |   905M |   0 |1012 | 117k| 117k| 734 |234 |   0 |   0 | 5.887277e+03 | 4.630000e+03 |  27.16%| unknown
 63.0s|     1 |     0 | 39857 |     - |   905M |   0 |1012 | 117k| 117k| 738 |235 |   0 |   0 | 5.887056e+03 | 4.630000e+03 |  27.15%| unknown
 63.0s|     1 |     0 | 40006 |     - |   905M |   0 |1012 | 117k| 117k| 742 |236 |   0 |   0 | 5.886780e+03 | 4.630000e+03 |  27.14%| unknown
 time | node  | left  |LP iter|LP it/n|mem/heur|mdpt |vars |cons |rows |cuts |sepa|confs|strbr|  dualbound   | primalbound  |  gap   | compl. 
 63.0s|     1 |     0 | 40217 |     - |   906M |   0 |1012 | 117k| 117k| 746 |237 |   0 |   0 | 5.886091e+03 | 4.630000e+03 |  27.13%| unknown
 63.0s|     1 |     0 | 40428 |     - |   907M |   0 |1012 | 117k| 117k| 750 |238 |   0 |   0 | 5.885500e+03 | 4.630000e+03 |  27.12%| unknown
 64.0s|     1 |     0 | 40735 |     - |   907M |   0 |1012 | 117k| 117k| 755 |239 |   0 |   0 | 5.884076e+03 | 4.630000e+03 |  27.09%| unknown
 64.0s|     1 |     0 | 40924 |     - |   907M |   0 |1012 | 117k| 117k| 761 |240 |   0 |   0 | 5.883512e+03 | 4.630000e+03 |  27.07%| unknown
 64.0s|     1 |     0 | 40997 |     - |   907M |   0 |1012 | 117k| 117k| 762 |241 |   0 |   0 | 5.883396e+03 | 4.630000e+03 |  27.07%| unknown
 64.0s|     1 |     0 | 41155 |     - |   908M |   0 |1012 | 117k| 117k| 763 |242 |   0 |   0 | 5.883137e+03 | 4.630000e+03 |  27.07%| unknown
 64.0s|     1 |     0 | 41362 |     - |   908M |   0 |1012 | 117k| 117k| 773 |243 |   0 |   0 | 5.882685e+03 | 4.630000e+03 |  27.06%| unknown
 64.0s|     1 |     0 | 41527 |     - |   908M |   0 |1012 | 117k| 117k| 778 |244 |   0 |   0 | 5.882275e+03 | 4.630000e+03 |  27.05%| unknown
 64.0s|     1 |     0 | 41688 |     - |   909M |   0 |1012 | 117k| 117k| 783 |245 |   0 |   0 | 5.881879e+03 | 4.630000e+03 |  27.04%| unknown
 65.0s|     1 |     0 | 41852 |     - |   909M |   0 |1012 | 117k| 117k| 788 |246 |   0 |   0 | 5.881676e+03 | 4.630000e+03 |  27.03%| unknown
 65.0s|     1 |     0 | 42196 |     - |   909M |   0 |1012 | 117k| 117k| 794 |247 |   0 |   0 | 5.881026e+03 | 4.630000e+03 |  27.02%| unknown
 65.0s|     1 |     0 | 42481 |     - |   910M |   0 |1012 | 117k| 117k| 800 |248 |   0 |   0 | 5.880685e+03 | 4.630000e+03 |  27.01%| unknown
 65.0s|     1 |     0 | 42662 |     - |   911M |   0 |1012 | 117k| 117k| 804 |249 |   0 |   0 | 5.880417e+03 | 4.630000e+03 |  27.01%| unknown
 65.0s|     1 |     0 | 42776 |     - |   912M |   0 |1012 | 117k| 117k| 806 |250 |   0 |   0 | 5.880194e+03 | 4.630000e+03 |  27.00%| unknown
 66.0s|     1 |     0 | 42945 |     - |   913M |   0 |1012 | 117k| 117k| 810 |251 |   0 |   0 | 5.879860e+03 | 4.630000e+03 |  26.99%| unknown
 time | node  | left  |LP iter|LP it/n|mem/heur|mdpt |vars |cons |rows |cuts |sepa|confs|strbr|  dualbound   | primalbound  |  gap   | compl. 
 66.0s|     1 |     0 | 43192 |     - |   913M |   0 |1012 | 117k| 117k| 815 |252 |   0 |   0 | 5.879461e+03 | 4.630000e+03 |  26.99%| unknown
 66.0s|     1 |     0 | 43355 |     - |   914M |   0 |1012 | 117k| 117k| 818 |253 |   0 |   0 | 5.879235e+03 | 4.630000e+03 |  26.98%| unknown
 66.0s|     1 |     0 | 43557 |     - |   914M |   0 |1012 | 117k| 117k| 822 |254 |   0 |   0 | 5.879009e+03 | 4.630000e+03 |  26.98%| unknown
 66.0s|     1 |     0 | 43723 |     - |   914M |   0 |1012 | 117k| 117k| 826 |255 |   0 |   0 | 5.878791e+03 | 4.630000e+03 |  26.97%| unknown
 66.0s|     1 |     0 | 43920 |     - |   914M |   0 |1012 | 117k| 117k| 829 |256 |   0 |   0 | 5.878604e+03 | 4.630000e+03 |  26.97%| unknown
 67.0s|     1 |     0 | 44024 |     - |   915M |   0 |1012 | 117k| 117k| 832 |257 |   0 |   0 | 5.878473e+03 | 4.630000e+03 |  26.96%| unknown
d67.0s|     1 |     0 | 44529 |     - |farkasdi|   0 |1012 | 117k| 117k|   0 |257 |   0 |   0 | 5.878473e+03 | 5.487000e+03 |   7.13%| unknown
d67.0s|     1 |     0 | 44596 |     - |farkasdi|   0 |1012 | 117k| 117k|   0 |257 |   0 |   0 | 5.878473e+03 | 5.866000e+03 |   0.21%| unknown
 68.0s|     1 |     0 | 44597 |     - |   915M |   0 |1012 | 117k| 117k| 832 |257 |   0 |   0 | 5.878473e+03 | 5.866000e+03 |   0.21%| unknown
 68.0s|     1 |     0 | 44685 |     - |   917M |   0 |1012 | 117k|  25k| 832 |257 |   0 |   0 | 5.878393e+03 | 5.866000e+03 |   0.21%| unknown
 68.0s|     1 |     0 | 44685 |     - |   917M |   0 |1012 | 117k|  25k| 832 |257 |   0 |   0 | 5.878393e+03 | 5.866000e+03 |   0.21%| unknown
 68.0s|     1 |     0 | 44792 |     - |   916M |   0 |1012 |  24k|  25k| 834 |258 |   0 |   0 | 5.878255e+03 | 5.866000e+03 |   0.21%| unknown
 68.0s|     1 |     0 | 44923 |     - |   916M |   0 |1012 |  24k|  25k| 837 |259 |   0 |   0 | 5.878121e+03 | 5.866000e+03 |   0.21%| unknown
 68.0s|     1 |     0 | 44923 |     - |   917M |   0 |1012 |  24k|  24k| 837 |259 |   0 |   0 | 5.878121e+03 | 5.866000e+03 |   0.21%| unknown
(run 1, node 1) restarting after 600 global fixings of integer variables

(restart) converted 371 cuts from the global cut pool into linear constraints

presolving:
(round 1, fast)       600 del vars, 2 del conss, 0 add conss, 0 chg bounds, 0 chg sides, 0 chg coeffs, 0 upgd conss, 0 impls, 24745 clqs
   (69.0s) running MILP presolver
   (69.0s) MILP presolver found nothing
(round 2, exhaustive) 600 del vars, 41 del conss, 0 add conss, 0 chg bounds, 0 chg sides, 0 chg coeffs, 0 upgd conss, 0 impls, 24745 clqs
(round 3, exhaustive) 600 del vars, 44 del conss, 0 add conss, 0 chg bounds, 1 chg sides, 0 chg coeffs, 370 upgd conss, 0 impls, 24745 clqs
presolving (4 rounds: 4 fast, 3 medium, 3 exhaustive):
 600 deleted vars, 44 deleted constraints, 0 added constraints, 0 tightened bounds, 0 added holes, 1 changed sides, 0 changed coefficients
 0 implications, 24745 cliques
presolved problem has 412 variables (412 bin, 0 int, 0 impl, 0 cont) and 24703 constraints
  24703 constraints of type <setppc>
transformed objective value is always integral (scale: 1)
Presolving Time: 1.00
transformed 77/100 original solutions to the transformed problem space

 time | node  | left  |LP iter|LP it/n|mem/heur|mdpt |vars |cons |rows |cuts |sepa|confs|strbr|  dualbound   | primalbound  |  gap   | compl. 
 70.0s|     1 |     0 | 48778 |     - |   882M |   0 | 412 |  24k|  24k|   0 |  0 |   0 |   0 | 5.878121e+03 | 5.866000e+03 |   0.21%| unknown
 70.0s|     1 |     0 | 48778 |     - |   882M |   0 | 412 |  24k|  24k|   0 |  0 |   0 |   0 | 5.878121e+03 | 5.866000e+03 |   0.21%| unknown
 70.0s|     1 |     0 | 48999 |     - |   888M |   0 | 412 |  24k|  24k|   1 |  1 |   0 |   0 | 5.877557e+03 | 5.866000e+03 |   0.20%| unknown
 70.0s|     1 |     0 | 49138 |     - |   893M |   0 | 412 |  24k|  24k|   2 |  2 |   0 |   0 | 5.877240e+03 | 5.866000e+03 |   0.19%| unknown
 70.0s|     1 |     0 | 49571 |     - |   897M |   0 | 412 |  24k|  24k|   4 |  3 |   0 |   0 | 5.876030e+03 | 5.866000e+03 |   0.17%| unknown
 70.0s|     1 |     0 | 49571 |     - |   897M |   0 | 412 |  24k|  24k|   4 |  3 |   0 |   0 | 5.876030e+03 | 5.866000e+03 |   0.17%| unknown
 70.0s|     1 |     0 | 49779 |     - |   902M |   0 | 412 |  24k|  24k|   5 |  4 |   0 |   0 | 5.875584e+03 | 5.866000e+03 |   0.16%| unknown
 70.0s|     1 |     0 | 49779 |     - |   903M |   0 | 412 |  24k|  24k|   5 |  4 |   0 |   0 | 5.875584e+03 | 5.866000e+03 |   0.16%| unknown
 71.0s|     1 |     0 | 49912 |     - |   907M |   0 | 412 |  24k|  24k|   6 |  5 |   0 |   0 | 5.875365e+03 | 5.866000e+03 |   0.16%| unknown
 71.0s|     1 |     0 | 49912 |     - |   907M |   0 | 412 |  24k|  24k|   6 |  5 |   0 |   0 | 5.875365e+03 | 5.866000e+03 |   0.16%| unknown
 71.0s|     1 |     0 | 50124 |     - |   912M |   0 | 412 |  24k|  24k|   7 |  6 |   0 |   0 | 5.875007e+03 | 5.866000e+03 |   0.15%| unknown
 71.0s|     1 |     0 | 50124 |     - |   912M |   0 | 412 |  24k|  23k|   7 |  6 |   0 |   0 | 5.875007e+03 | 5.866000e+03 |   0.15%| unknown
 71.0s|     1 |     0 | 50320 |     - |   916M |   0 | 412 |  23k|  23k|   8 |  7 |   0 |   0 | 5.874747e+03 | 5.866000e+03 |   0.15%| unknown
 71.0s|     1 |     0 | 50320 |     - |   916M |   0 | 412 |  23k|  23k|   8 |  7 |   0 |   0 | 5.874747e+03 | 5.866000e+03 |   0.15%| unknown
 71.0s|     1 |     0 | 50496 |     - |   921M |   0 | 412 |  23k|  23k|   9 |  8 |   0 |   0 | 5.874600e+03 | 5.866000e+03 |   0.15%| unknown
 time | node  | left  |LP iter|LP it/n|mem/heur|mdpt |vars |cons |rows |cuts |sepa|confs|strbr|  dualbound   | primalbound  |  gap   | compl. 
 71.0s|     1 |     0 | 50496 |     - |   921M |   0 | 412 |  23k|  23k|   9 |  8 |   0 |   0 | 5.874600e+03 | 5.866000e+03 |   0.15%| unknown
 71.0s|     1 |     0 | 50753 |     - |   925M |   0 | 412 |  23k|  23k|  14 |  9 |   0 |   0 | 5.874384e+03 | 5.866000e+03 |   0.14%| unknown
 71.0s|     1 |     0 | 50753 |     - |   926M |   0 | 412 |  23k|  23k|  14 |  9 |   0 |   0 | 5.874384e+03 | 5.866000e+03 |   0.14%| unknown
 71.0s|     1 |     0 | 50983 |     - |   930M |   0 | 412 |  23k|  23k|  15 | 10 |   0 |   0 | 5.874085e+03 | 5.866000e+03 |   0.14%| unknown
 71.0s|     1 |     0 | 50983 |     - |   930M |   0 | 412 |  23k|  23k|  15 | 10 |   0 |   0 | 5.874085e+03 | 5.866000e+03 |   0.14%| unknown
 71.0s|     1 |     0 | 51297 |     - |   932M |   0 | 412 |  23k|  23k|  19 | 11 |   0 |   0 | 5.873670e+03 | 5.866000e+03 |   0.13%| unknown
 71.0s|     1 |     0 | 51297 |     - |   933M |   0 | 412 |  23k|  22k|  19 | 11 |   0 |   0 | 5.873670e+03 | 5.866000e+03 |   0.13%| unknown
 71.0s|     1 |     0 | 51556 |     - |   935M |   0 | 412 |  22k|  22k|  24 | 12 |   0 |   0 | 5.873221e+03 | 5.866000e+03 |   0.12%| unknown
 71.0s|     1 |     0 | 51556 |     - |   935M |   0 | 412 |  22k|  21k|  24 | 12 |   0 |   0 | 5.873221e+03 | 5.866000e+03 |   0.12%| unknown
 71.0s|     1 |     0 | 51743 |     - |   937M |   0 | 412 |  21k|  21k|  32 | 13 |   0 |   0 | 5.872965e+03 | 5.866000e+03 |   0.12%| unknown
 71.0s|     1 |     0 | 51743 |     - |   937M |   0 | 412 |  21k|  20k|  32 | 13 |   0 |   0 | 5.872965e+03 | 5.866000e+03 |   0.12%| unknown
 74.0s|     1 |     0 | 53059 |     - |   939M |   0 | 412 |  20k|  20k|  32 | 13 |   7 |  21 | 5.869500e+03 | 5.866000e+03 |   0.06%| unknown
(run 2, node 1) restarting after 44 global fixings of integer variables

(restart) converted 31 cuts from the global cut pool into linear constraints

presolving:
(round 1, fast)       44 del vars, 615 del conss, 0 add conss, 0 chg bounds, 0 chg sides, 1 chg coeffs, 0 upgd conss, 0 impls, 20312 clqs
   (74.0s) running MILP presolver
   (74.0s) MILP presolver found nothing
(round 2, exhaustive) 44 del vars, 5355 del conss, 0 add conss, 0 chg bounds, 0 chg sides, 1 chg coeffs, 0 upgd conss, 0 impls, 20312 clqs
   (74.0s) running MILP presolver
   (74.0s) MILP presolver found nothing
(round 3, exhaustive) 44 del vars, 17483 del conss, 0 add conss, 0 chg bounds, 0 chg sides, 1 chg coeffs, 0 upgd conss, 0 impls, 20312 clqs
   (74.0s) running MILP presolver
   (74.0s) MILP presolver found nothing
(round 4, exhaustive) 44 del vars, 17483 del conss, 0 add conss, 0 chg bounds, 0 chg sides, 1 chg coeffs, 23 upgd conss, 0 impls, 20312 clqs
(round 5, exhaustive) 44 del vars, 17653 del conss, 0 add conss, 0 chg bounds, 0 chg sides, 2 chg coeffs, 23 upgd conss, 0 impls, 20312 clqs
presolving (6 rounds: 6 fast, 5 medium, 5 exhaustive):
 44 deleted vars, 17654 deleted constraints, 0 added constraints, 0 tightened bounds, 0 added holes, 0 changed sides, 3 changed coefficients
 0 implications, 20315 cliques
presolved problem has 368 variables (368 bin, 0 int, 0 impl, 0 cont) and 3117 constraints
      6 constraints of type <knapsack>
   3100 constraints of type <setppc>
      8 constraints of type <linear>
      3 constraints of type <logicor>
transformed objective value is always integral (scale: 1)
Presolving Time: 1.00
transformed 52/100 original solutions to the transformed problem space

 time | node  | left  |LP iter|LP it/n|mem/heur|mdpt |vars |cons |rows |cuts |sepa|confs|strbr|  dualbound   | primalbound  |  gap   | compl. 
 74.0s|     1 |     0 | 55492 |     - |   919M |   0 | 368 |3117 |3114 |   0 |  0 |   7 |  21 | 5.869500e+03 | 5.866000e+03 |   0.06%| unknown
 74.0s|     1 |     0 | 55492 |     - |   919M |   0 | 368 |3117 |2572 |   0 |  0 |   7 |  21 | 5.869500e+03 | 5.866000e+03 |   0.06%| unknown
 74.0s|     1 |     0 | 55722 |     - |   920M |   0 | 368 |2575 |2575 |   3 |  1 |   7 |  21 | 5.869500e+03 | 5.866000e+03 |   0.06%| unknown
 74.0s|     1 |     0 | 55722 |     - |   920M |   0 | 368 |2575 |2524 |   3 |  1 |   7 |  21 | 5.869500e+03 | 5.866000e+03 |   0.06%| unknown
 74.0s|     1 |     0 | 55980 |     - |   920M |   0 | 368 |2524 |2525 |   4 |  2 |   7 |  21 | 5.869449e+03 | 5.866000e+03 |   0.06%| unknown
 74.0s|     1 |     0 | 55980 |     - |   920M |   0 | 368 |2524 |2374 |   4 |  2 |   7 |  21 | 5.869449e+03 | 5.866000e+03 |   0.06%| unknown
 74.0s|     1 |     0 | 56089 |     - |   924M |   0 | 368 |2373 |2378 |   8 |  3 |   7 |  21 | 5.869306e+03 | 5.866000e+03 |   0.06%| unknown
 75.0s|     1 |     0 | 56229 |     - |   926M |   0 | 368 |2373 |2379 |   9 |  4 |   7 |  21 | 5.869095e+03 | 5.866000e+03 |   0.05%| unknown
 75.0s|     1 |     0 | 56425 |     - |   927M |   0 | 368 |2373 |2381 |  11 |  5 |   7 |  21 | 5.868889e+03 | 5.866000e+03 |   0.05%| unknown
 75.0s|     1 |     0 | 56425 |     - |   927M |   0 | 368 |2373 |2361 |  11 |  5 |   7 |  21 | 5.868889e+03 | 5.866000e+03 |   0.05%| unknown
 75.0s|     1 |     0 | 56579 |     - |   930M |   0 | 368 |2353 |2364 |  14 |  6 |   7 |  21 | 5.868572e+03 | 5.866000e+03 |   0.04%| unknown
 75.0s|     1 |     0 | 56579 |     - |   930M |   0 | 368 |2353 |2274 |  14 |  6 |   7 |  21 | 5.868572e+03 | 5.866000e+03 |   0.04%| unknown
 75.0s|     1 |     0 | 56892 |     - |   930M |   0 | 368 |2263 |2275 |  15 |  7 |   7 |  21 | 5.867796e+03 | 5.866000e+03 |   0.03%| unknown
 75.0s|     1 |     0 | 56892 |     - |   930M |   0 | 368 |2263 |1983 |  15 |  7 |   7 |  21 | 5.867796e+03 | 5.866000e+03 |   0.03%| unknown
 75.0s|     1 |     0 | 57034 |     - |   930M |   0 | 368 |1971 |1984 |  16 |  8 |   7 |  21 | 5.867479e+03 | 5.866000e+03 |   0.03%| unknown
 time | node  | left  |LP iter|LP it/n|mem/heur|mdpt |vars |cons |rows |cuts |sepa|confs|strbr|  dualbound   | primalbound  |  gap   | compl. 
 75.0s|     1 |     0 | 57034 |     - |   930M |   0 | 368 |1971 |1873 |  16 |  8 |   7 |  21 | 5.867479e+03 | 5.866000e+03 |   0.03%| unknown
 75.0s|     1 |     0 | 57192 |     - |   931M |   0 | 368 |1860 |1874 |  17 |  9 |   7 |  21 | 5.867260e+03 | 5.866000e+03 |   0.02%| unknown
 75.0s|     1 |     0 | 57192 |     - |   931M |   0 | 368 |1860 |1757 |  17 |  9 |   7 |  21 | 5.867260e+03 | 5.866000e+03 |   0.02%| unknown
 75.0s|     1 |     0 | 57317 |     - |   931M |   0 | 368 |1743 |1758 |  18 | 10 |   7 |  21 | 5.867034e+03 | 5.866000e+03 |   0.02%| unknown
 75.0s|     1 |     0 | 57317 |     - |   931M |   0 | 368 |1743 |1612 |  18 | 10 |   7 |  21 | 5.867034e+03 | 5.866000e+03 |   0.02%| unknown
 75.0s|     1 |     0 | 57334 |     - |   932M |   0 | 368 |1597 |1614 |  20 | 11 |   7 |  21 | 5.866000e+03 | 5.866000e+03 |   0.00%| unknown
 75.0s|     1 |     0 | 57334 |     - |   932M |   0 | 368 |1597 |1614 |  20 | 11 |   7 |  21 | 5.866000e+03 | 5.866000e+03 |   0.00%| unknown

SCIP Status        : problem is solved [optimal solution found]
Solving Time (sec) : 75.00
Solving Nodes      : 1 (total of 3 nodes in 3 runs)
Primal Bound       : +5.86600000000001e+03 (216 solutions)
Dual Bound         : +5.86600000000001e+03
Gap                : 0.00 %

primal solution (original space):
=================================

objective value:                     5866.00000000001
x_0_0_0                                             1 	(obj:0)
x_0_0_1                                             1 	(obj:0)
x_1_3_0                                             1 	(obj:864)
x_2_13_1                                            1 	(obj:286)
x_3_16_1                             1.00000000000001 	(obj:483)
x_4_16_0                            0.999999999999994 	(obj:414)
x_5_20_0                             1.00000000000001 	(obj:323)
x_6_30_1                             1.00000000000001 	(obj:36)
x_7_3_1                                             1 	(obj:180)
x_8_20_1                             1.00000000000001 	(obj:380)
x_9_10_1                                            1 	(obj:667)
x_10_32_0                                           1 	(obj:21)
x_11_7_0                                            1 	(obj:800)
x_12_13_0                                           1 	(obj:364)
x_13_28_0                                           1 	(obj:66)
x_14_23_1                                           1 	(obj:256)
x_15_6_1                                            1 	(obj:726)

Statistics
==========

SCIP Status        : problem is solved [optimal solution found]
Total Time         :      75.00
  solving          :      75.00
  presolving       :       1.00 (included in solving)
  reading          :       0.00
  copying          :       0.00 (2 #copies) (minimal 0.00, maximal 0.00, average 0.00)
Original Problem   :
  Problem name     : puzzle16_model_2p_40t.lp
  Variables        : 1280 (1280 binary, 0 integer, 0 implicit integer, 0 continuous)
  Constraints      : 175712 initial, 175712 maximal
  Objective        : maximize, 1170 non-zeros (abs.min = 3, abs.max = 975)
Presolved Problem  :
  Problem name     : t_puzzle16_model_2p_40t.lp
  Variables        : 368 (368 binary, 0 integer, 0 implicit integer, 0 continuous)
  Constraints      : 3117 initial, 3117 maximal
  Objective        : minimize, 368 non-zeros (abs.min = 18, abs.max = 864)
  Nonzeros         : 19033 constraint, 25671 clique table
Presolvers         :   ExecTime  SetupTime  Calls  FixedVars   AggrVars   ChgTypes  ChgBounds   AddHoles    DelCons    AddCons   ChgSides   ChgCoefs
  boundshift       :       0.00       0.00      0          0          0          0          0          0          0          0          0          0
  convertinttobin  :       0.00       0.00      0          0          0          0          0          0          0          0          0          0
  domcol           :       0.00       0.00      3          0          0          0          0          0          0          0          0          0
  dualagg          :       0.00       0.00      0          0          0          0          0          0          0          0          0          0
  dualcomp         :       0.00       0.00      0          0          0          0          0          0          0          0          0          0
  dualinfer        :       0.00       0.00      0          0          0          0          0          0          0          0          0          0
  dualsparsify     :       1.00       0.00      1          0          0          0          0          0          0          0          0          0
  gateextraction   :       0.00       0.00      5          0          0          0          0          0          0          0          0          0
  implics          :       0.00       0.00     11          0          0          0          0          0          0          0          0          0
  inttobinary      :       0.00       0.00      0          0          0          0          0          0          0          0          0          0
  milp             :       0.00       0.00      5          0          0          0          0          0          0          0          0          0
  qpkktref         :       0.00       0.00      0          0          0          0          0          0          0          0          0          0
  redvub           :       0.00       0.00      0          0          0          0          0          0          0          0          0          0
  sparsify         :       0.00       0.00      1          0          0          0          0          0          0          0          0          0
  stuffing         :       0.00       0.00      0          0          0          0          0          0          0          0          0          0
  trivial          :       0.00       0.00     14        644          0          0          0          0          0          0          0          0
  tworowbnd        :       0.00       0.00      0          0          0          0          0          0          0          0          0          0
  dualfix          :       0.00       0.00     14        108          0          0          0          0          0          0          0          0
  genvbounds       :       0.00       0.00      0          0          0          0          0          0          0          0          0          0
  probing          :       0.00       0.00      1          0          0          0          0          0          0          0          0          0
  pseudoobj        :       0.00       0.00      2          0          0          0          0          0          0          0          0          0
  symmetry         :       0.00       0.00      1          0          0          0          0          0          0          0          0          0
  vbounds          :       0.00       0.00      2          0          0          0          0          0          0          0          0          0
  knapsack         :       0.00       0.00      6          0          0          0          0          0          0          0          0          1
  setppc           :       0.00       1.00     29          0          0          0          0          0      17697          0          0          0
  linear           :       0.00       0.00     17        160          0          0        160          0      58399          0          3          0
  logicor          :       0.00       0.00     12          0          0          0          0          0          1          0          0          2
  benders          :       0.00       0.00      0          0          0          0          0          0          0          0          0          0
  components       :       0.00       0.00      3          0          0          0          0          0          0          0          0          0
  root node        :          -          -      -        760          -          -        760          -          -          -          -          -
Constraints        :     Number  MaxNumber  #Separate #Propagate    #EnfoLP    #EnfoRelax  #EnfoPS    #Check   #ResProp    Cutoffs    DomReds       Cuts    Applied      Conss   Children
  benderslp        :          0          0          0          0          1          0          0        354          0          0          0          0          0          0          0
  integral         :          0          0          0          0          1          0          0        354          0          0          3          0          0          0          0
  knapsack         :          6          6         11        788          0          0          0          0          0          0          0          0          0          0          0
  setppc           :       3100       3100        282      18541          0          0          0        346         98          0          0          2          1          0          0
  linear           :          8          8         11        756          0          0          0          0          0          0          0          0          0          0          0
  logicor          :          3          3         11         35          0          0          0          0          0          0          0          1          1          0          0
  benders          :          0          0          0          0          0          0          0        346          0          0          0          0          0          0          0
  countsols        :          0          0          0          0          0          0          0        346          0          0          0          0          0          0          0
  components       :          0          0          0          0          0          0          0          0          0          0          0          0          0          0          0
Constraint Timings :  TotalTime  SetupTime   Separate  Propagate     EnfoLP     EnfoPS     EnfoRelax   Check    ResProp    SB-Prop
  benderslp        :       0.00       0.00       0.00       0.00       0.00       0.00       0.00       0.00       0.00       0.00
  integral         :       2.00       0.00       0.00       0.00       2.00       0.00       0.00       0.00       0.00       0.00
  knapsack         :       0.00       0.00       0.00       0.00       0.00       0.00       0.00       0.00       0.00       0.00
  setppc           :       4.00       1.00       2.00       1.00       0.00       0.00       0.00       0.00       0.00       0.00
  linear           :       0.00       0.00       0.00       0.00       0.00       0.00       0.00       0.00       0.00       0.00
  logicor          :       0.00       0.00       0.00       0.00       0.00       0.00       0.00       0.00       0.00       0.00
  benders          :       0.00       0.00       0.00       0.00       0.00       0.00       0.00       0.00       0.00       0.00
  countsols        :       0.00       0.00       0.00       0.00       0.00       0.00       0.00       0.00       0.00       0.00
  components       :       0.00       0.00       0.00       0.00       0.00       0.00       0.00       0.00       0.00       0.00
Propagators        : #Propagate   #ResProp    Cutoffs    DomReds
  dualfix          :          7          0          0          0
  genvbounds       :          0          0          0          0
  nlobbt           :          0          0          0          0
  obbt             :          0          0          0          0
  probing          :          0          0          0          0
  pseudoobj        :        344          0          0          0
  redcost          :        313          0          0        754
  rootredcost      :          0          0          0          0
  symmetry         :          0          0          0          0
  vbounds          :       1580          0          0          0
Propagator Timings :  TotalTime  SetupTime   Presolve  Propagate    ResProp    SB-Prop
  dualfix          :       0.00       0.00       0.00       0.00       0.00       0.00
  genvbounds       :       0.00       0.00       0.00       0.00       0.00       0.00
  nlobbt           :       0.00       0.00       0.00       0.00       0.00       0.00
  obbt             :       0.00       0.00       0.00       0.00       0.00       0.00
  probing          :       0.00       0.00       0.00       0.00       0.00       0.00
  pseudoobj        :       0.00       0.00       0.00       0.00       0.00       0.00
  redcost          :       0.00       0.00       0.00       0.00       0.00       0.00
  rootredcost      :       0.00       0.00       0.00       0.00       0.00       0.00
  symmetry         :       0.00       0.00       0.00       0.00       0.00       0.00
  vbounds          :       0.00       0.00       0.00       0.00       0.00       0.00
Conflict Analysis  :       Time      Calls    Success    DomReds  Conflicts   Literals    Reconvs ReconvLits   Dualrays   Nonzeros   LP Iters   (pool size: [10000,10000])
  propagation      :       0.00          0          0          -          0        0.0          0        0.0          -          -          -
  infeasible LP    :       0.00          0          0          -          0        0.0          0        0.0          0        0.0          0
  bound exceed. LP :       1.00         10          5          -         13       11.9          0        0.0          0        0.0         59
  strong branching :       0.00          0          0          -          0        0.0          0        0.0          -          -          0
  pseudo solution  :       0.00          0          0          -          0        0.0          0        0.0          -          -          -
  applied globally :       0.00          -          -          0          7        3.0          -          -          0          -          -
  applied locally  :          -          -          -          0          0        0.0          -          -          0          -          -
Separators         :   ExecTime  SetupTime      Calls  RootCalls    Cutoffs    DomReds  FoundCuts ViaPoolAdd  DirectAdd    Applied ViaPoolApp  DirectApp      Conss
  cut pool         :       1.00          -        562        562          -          -       7039       6763          -          -          -          -          -    (maximal pool size:       2141)
  aggregation      :       0.00       0.00        282        282          0          0          0          0          0          0          0          0          0
  > cmir           :          -          -          -          -          -          -          -          0          0          0          0          0          -
  > flowcover      :          -          -          -          -          -          -          -          0          0          0          0          0          -
  > knapsackcover  :          -          -          -          -          -          -          -          0          0          0          0          0          -
  cgmip            :       0.00       0.00          0          0          0          0          0          0          0          0          0          0          0
  clique           :       1.00       0.00        282        282          0          0       2563       4809          0        834        834          0          0
  closecuts        :       0.00       0.00          0          0          0          0          0          0          0          0          0          0          0
  convexproj       :       0.00       0.00          0          0          0          0          0          0          0          0          0          0          0
  disjunctive      :       0.00       0.00          0          0          0          0          0          0          0          0          0          0          0
  eccuts           :       0.00       0.00          0          0          0          0          0          0          0          0          0          0          0
  gauge            :       0.00       0.00          0          0          0          0          0          0          0          0          0          0          0
  gomory           :      28.00       0.00         30         30          0          0       4293       1821          0         22         22          0          0
  > gomorymi       :          -          -          -          -          -          -          -       1469          0         17         17          0          -
  > strongcg       :          -          -          -          -          -          -          -        352          0          5          5          0          -
  impliedbounds    :       1.00       0.00        282        282          0          0          0          0          0          0          0          0          0
  interminor       :       0.00       0.00          0          0          0          0          0          0          0          0          0          0          0
  intobj           :       0.00       0.00          0          0          0          0          0          0          0          0          0          0          0
  mcf              :       0.00       0.00          3          3          0          0          0          0          0          0          0          0          0
  minor            :       0.00       0.00          0          0          0          0          0          0          0          0          0          0          0
  mixing           :       0.00       0.00          0          0          0          0          0          0          0          0          0          0          0
  oddcycle         :       0.00       0.00          0          0          0          0          0          0          0          0          0          0          0
  rapidlearning    :       1.00       0.00          0          0          0          0          0          0          0          0          0          0          0
  rlt              :       0.00       0.00         30         30          0          0          0          0          0          0          0          0          0
  zerohalf         :       0.00       0.00         44         44          0          0        183        133          0         31         31          0          0
Cutselectors       :   ExecTime  SetupTime      Calls  RootCalls   Selected     Forced   Filtered  RootSelec   RootForc   RootFilt 
  hybrid           :       0.00       0.00        283        283        889          0       5877        889          0       5877
Pricers            :   ExecTime  SetupTime      Calls       Vars
  problem variables:       0.00          -          0          0
Branching Rules    :   ExecTime  SetupTime   BranchLP  BranchExt   BranchPS    Cutoffs    DomReds       Cuts      Conss   Children
  allfullstrong    :       0.00       0.00          0          0          0          0          0          0          0          0
  cloud            :       0.00       0.00          0          0          0          0          0          0          0          0
  distribution     :       0.00       0.00          0          0          0          0          0          0          0          0
  fullstrong       :       0.00       0.00          0          0          0          0          0          0          0          0
  inference        :       0.00       0.00          0          0          0          0          0          0          0          0
  leastinf         :       0.00       0.00          0          0          0          0          0          0          0          0
  lookahead        :       0.00       0.00          0          0          0          0          0          0          0          0
  mostinf          :       0.00       0.00          0          0          0          0          0          0          0          0
  multaggr         :       0.00       0.00          0          0          0          0          0          0          0          0
  nodereopt        :       0.00       0.00          0          0          0          0          0          0          0          0
  pscost           :       0.00       0.00          0          0          0          0          0          0          0          0
  random           :       0.00       0.00          0          0          0          0          0          0          0          0
  relpscost        :       2.00       0.00          1          0          0          0          3          0          0          0
  vanillafullstrong:       0.00       0.00          0          0          0          0          0          0          0          0
Primal Heuristics  :   ExecTime  SetupTime      Calls      Found       Best
  LP solutions     :       0.00          -          -          0          0
  relax solutions  :       0.00          -          -          0          0
  pseudo solutions :       0.00          -          -          0          0
  strong branching :       0.00          -          -          1          0
  actconsdiving    :       0.00       0.00          0          0          0
  adaptivediving   :       0.00       0.00          0          0          0
  alns             :       0.00       0.00          1          0          0
  bound            :       0.00       0.00          0          0          0
  clique           :       0.00       0.00          1          1          1
  coefdiving       :       0.00       0.00          0          0          0
  completesol      :       0.00       0.00          0          0          0
  conflictdiving   :       0.00       0.00          1          0          0
  crossover        :       0.00       0.00          0          0          0
  dins             :       0.00       0.00          0          0          0
  distributiondivin:       0.00       0.00          0          0          0
  dps              :       0.00       0.00          0          0          0
  dualval          :       0.00       0.00          0          0          0
  farkasdiving     :       1.00       0.00          2          2          2
  feaspump         :       0.00       0.00          0          0          0
  fixandinfer      :       0.00       0.00          0          0          0
  fracdiving       :       0.00       0.00          0          0          0
  gins             :       0.00       0.00          0          0          0
  guideddiving     :       0.00       0.00          0          0          0
  indicator        :       0.00       0.00          0          0          0
  intdiving        :       0.00       0.00          0          0          0
  intshifting      :       0.00       0.00          0          0          0
  linesearchdiving :       0.00       0.00          0          0          0
  localbranching   :       0.00       0.00          0          0          0
  locks            :       0.00       0.00          1          0          0
  lpface           :       0.00       0.00          0          0          0
  mpec             :       0.00       0.00          0          0          0
  multistart       :       0.00       0.00          0          0          0
  mutation         :       0.00       0.00          0          0          0
  nlpdiving        :       0.00       0.00          0          0          0
  objpscostdiving  :       0.00       0.00          0          0          0
  octane           :       0.00       0.00          0          0          0
  ofins            :       0.00       0.00          0          0          0
  oneopt           :       0.00       0.00          2          0          0
  padm             :       0.00       0.00          0          0          0
  proximity        :       0.00       0.00          0          0          0
  pscostdiving     :       0.00       0.00          0          0          0
  randrounding     :       3.00       0.00        286        209          0
  rens             :       1.00       0.00          1          1          0
  reoptsols        :       0.00       0.00          0          0          0
  repair           :       0.00       0.00          0          0          0
  rins             :       0.00       0.00          0          0          0
  rootsoldiving    :       0.00       0.00          0          0          0
  rounding         :       0.00       0.00        100          0          0
  shiftandpropagate:       0.00       0.00          0          0          0
  shifting         :       1.00       0.00        100          0          0
  simplerounding   :       0.00       0.00        286          0          0
  subnlp           :       0.00       0.00          0          0          0
  trivial          :       0.00       0.00          2          1          1
  trivialnegation  :       0.00       0.00          0          0          0
  trustregion      :       0.00       0.00          0          0          0
  trysol           :       0.00       0.00          0          0          0
  twoopt           :       0.00       0.00          0          0          0
  undercover       :       0.00       0.00          0          0          0
  vbounds          :       0.00       0.00          3          1          1
  veclendiving     :       0.00       0.00          0          0          0
  zeroobj          :       0.00       0.00          0          0          0
  zirounding       :       0.00       0.00          2          0          0
  other solutions  :          -          -          -          0          -
LP                 :       Time      Calls Iterations  Iter/call   Iter/sec  Time-0-It Calls-0-It    ItLimit
  primal LP        :       0.00         42          0       0.00          -       0.00         42
  dual LP          :      26.00        310      55445     193.19    2132.50       0.00         23
  lex dual LP      :       0.00          0          0       0.00          -
  barrier LP       :       0.00          0          0       0.00          -       0.00          0
  resolve instable :       0.00          0          0       0.00          -
  diving/probing LP:       1.00         10       1889     188.90    1889.00
  strong branching :       1.00         21       9371     446.24    9371.00          -          -          3
    (at root node) :          -         21       9371     446.24          -
  conflict analysis:       1.00          6         59       9.83      59.00
B&B Tree           :
  number of runs   :          3
  nodes            :          1 (0 internal, 1 leaves)
  feasible leaves  :          0
  infeas. leaves   :          0
  objective leaves :          0
  nodes (total)    :          3 (0 internal, 3 leaves)
  nodes left       :          0
  max depth        :          0
  max depth (total):          0
  backtracks       :          0 (0.0%)
  early backtracks :          0 (0.0%)
  nodes exc. ref.  :          0 (0.0%)
  delayed cutoffs  :          0
  repropagations   :          0 (0 domain reductions, 0 cutoffs)
  avg switch length:       2.00
  switching time   :       0.00
Root Node          :
  First LP value   : +3.17960000000000e+04
  First LP Iters   :       1012
  First LP Time    :       0.00
  Final Dual Bound : +5.86600000000001e+03
  Final Root Iters :      55445
  Root LP Estimate :                     -
Solution           :
  Solutions found  :        216 (5 improvements)
  First Solution   : +0.00000000000000e+00   (in run 1, after 1 nodes, 2.00 seconds, depth 0, found by <trivial>)
  Gap First Sol.   :   infinite
  Gap Last Sol.    :       0.21 %
  Primal Bound     : +5.86600000000001e+03   (in run 1, after 1 nodes, 67.00 seconds, depth 3, found by <farkasdiving>)
  Dual Bound       : +5.86600000000001e+03
  Gap              :       0.00 %
Integrals          :      Total       Avg%
  primal-dual      :    3297.20      43.96
  primal-ref       :          -          - (not evaluated)
  dual-ref         :          -          - (not evaluated)
